@*
    For more information on enabling MVC for empty projects, visit https://go.microsoft.com/fwlink/?LinkID=397860
*@
@{
}
[3/19/2025 12:32:31 PM] ::1 truy cập /
[3/19/2025 12:32:34 PM] ::1 truy cập /lib/bootstrap/dist/css/bootstrap.min.css
[3/19/2025 12:32:34 PM] ::1 truy cập /css/site.css
[3/19/2025 12:32:34 PM] ::1 truy cập /DALTW.styles.css
[3/19/2025 12:32:34 PM] ::1 truy cập /js/site.js
[3/19/2025 12:32:34 PM] ::1 truy cập /lib/jquery/dist/jquery.min.js
[3/19/2025 12:32:34 PM] ::1 truy cập /lib/bootstrap/dist/js/bootstrap.bundle.min.js
[3/19/2025 12:32:44 PM] ::1 truy cập /Document/Index
[3/19/2025 12:32:44 PM] ::1 truy cập /lib/bootstrap/dist/css/bootstrap.min.css
[3/19/2025 12:32:44 PM] ::1 truy cập /DALTW.styles.css
[3/19/2025 12:32:45 PM] ::1 truy cập /lib/jquery/dist/jquery.min.js
[3/19/2025 12:32:45 PM] ::1 truy cập /lib/bootstrap/dist/js/bootstrap.bundle.min.js
[3/19/2025 12:39:31 PM] ::1 truy cập /
[3/19/2025 12:39:34 PM] ::1 truy cập /DALTW.styles.css
[3/19/2025 12:39:34 PM] ::1 truy cập /lib/bootstrap/dist/css/bootstrap.min.css
[3/19/2025 12:39:34 PM] ::1 truy cập /lib/jquery/dist/jquery.min.js
[3/19/2025 12:39:34 PM] ::1 truy cập /js/site.js
[3/19/2025 12:39:34 PM] ::1 truy cập /lib/bootstrap/dist/js/bootstrap.bundle.min.js
[3/19/2025 12:39:36 PM] ::1 truy cập /Document/Index
[3/19/2025 12:39:36 PM] ::1 truy cập /lib/bootstrap/dist/css/bootstrap.min.css
[3/19/2025 12:39:36 PM] ::1 truy cập /css/site.css
[3/19/2025 12:39:36 PM] ::1 truy cập /js/site.js
[3/19/2025 12:39:36 PM] ::1 truy cập /lib/jquery/dist/jquery.min.js
[3/19/2025 12:39:37 PM] ::1 truy cập /lib/bootstrap/dist/js/bootstrap.bundle.min.js
[3/19/2025 12:39:38 PM] ::1 truy cập /
[3/19/2025 12:39:38 PM] ::1 truy cập /lib/bootstrap/dist/css/bootstrap.min.css
[3/19/2025 12:39:38 PM] ::1 truy cập /css/site.css
[3/19/2025 12:39:38 PM] ::1 truy cập /DALTW.styles.css
[3/19/2025 12:39:39 PM] ::1 truy cập /lib/jquery/dist/jquery.min.js
[3/19/2025 12:39:39 PM] ::1 truy cập /js/site.js
[3/19/2025 12:39:39 PM] ::1 truy cập /lib/bootstrap/dist/js/bootstrap.bundle.min.js
[3/19/2025 12:39:39 PM] ::1 truy cập /Document/Index
[3/19/2025 12:39:40 PM] ::1 truy cập /lib/bootstrap/dist/css/bootstrap.min.css
[3/19/2025 12:39:40 PM] ::1 truy cập /css/site.css
[3/19/2025 12:39:40 PM] ::1 truy cập /lib/jquery/dist/jquery.min.js
[3/19/2025 12:39:40 PM] ::1 truy cập /js/site.js
[3/19/2025 12:39:40 PM] ::1 truy cập /lib/bootstrap/dist/js/bootstrap.bundle.min.js
[3/19/2025 12:44:10 PM] ::1 truy cập /
[3/19/2025 12:44:14 PM] ::1 truy cập /lib/bootstrap/dist/css/bootstrap.min.css
[3/19/2025 12:44:14 PM] ::1 truy cập /css/site.css
[3/19/2025 12:44:14 PM] ::1 truy cập /DALTW.styles.css
[3/19/2025 12:44:14 PM] ::1 truy cập /js/site.js
[3/19/2025 12:44:14 PM] ::1 truy cập /lib/jquery/dist/jquery.min.js
[3/19/2025 12:44:14 PM] ::1 truy cập /lib/bootstrap/dist/js/bootstrap.bundle.min.js
[3/19/2025 12:44:15 PM] ::1 truy cập /Document/Index
[3/19/2025 12:44:16 PM] ::1 truy cập /lib/bootstrap/dist/css/bootstrap.min.css
[3/19/2025 12:44:16 PM] ::1 truy cập /DALTW.styles.css
[3/19/2025 12:44:16 PM] ::1 truy cập /css/site.css
[3/19/2025 12:44:16 PM] ::1 truy cập /js/site.js
[3/19/2025 12:44:16 PM] ::1 truy cập /lib/jquery/dist/jquery.min.js
[3/19/2025 12:44:16 PM] ::1 truy cập /lib/bootstrap/dist/js/bootstrap.bundle.min.js
[3/19/2025 12:44:16 PM] ::1 truy cập /
[3/19/2025 12:44:16 PM] ::1 truy cập /lib/bootstrap/dist/css/bootstrap.min.css
[3/19/2025 12:44:16 PM] ::1 truy cập /css/site.css
[3/19/2025 12:44:16 PM] ::1 truy cập /DALTW.styles.css
[3/19/2025 12:44:16 PM] ::1 truy cập /js/site.js
[3/19/2025 12:44:16 PM] ::1 truy cập /lib/jquery/dist/jquery.min.js
[3/19/2025 12:44:17 PM] ::1 truy cập /Home/Privacy
[3/19/2025 12:44:17 PM] ::1 truy cập /lib/bootstrap/dist/css/bootstrap.min.css
[3/19/2025 12:44:17 PM] ::1 truy cập /css/site.css
[3/19/2025 12:44:17 PM] ::1 truy cập /lib/jquery/dist/jquery.min.js
[3/19/2025 12:44:17 PM] ::1 truy cập /DALTW.styles.css
[3/19/2025 12:44:17 PM] ::1 truy cập /lib/bootstrap/dist/js/bootstrap.bundle.min.js
[3/19/2025 12:44:17 PM] ::1 truy cập /js/site.js
[3/19/2025 12:44:17 PM] ::1 truy cập /Home/Index
[3/19/2025 12:44:18 PM] ::1 truy cập /lib/bootstrap/dist/css/bootstrap.min.css
[3/19/2025 12:44:18 PM] ::1 truy cập /css/site.css
[3/19/2025 12:44:18 PM] ::1 truy cập /DALTW.styles.css
[3/19/2025 12:44:18 PM] ::1 truy cập /lib/jquery/dist/jquery.min.js
[3/19/2025 12:44:18 PM] ::1 truy cập /lib/bootstrap/dist/js/bootstrap.bundle.min.js
[3/19/2025 12:44:18 PM] ::1 truy cập /js/site.js
[3/19/2025 12:44:18 PM] ::1 truy cập /Home/Privacy
[3/19/2025 12:44:19 PM] ::1 truy cập /lib/bootstrap/dist/css/bootstrap.min.css
[3/19/2025 12:44:19 PM] ::1 truy cập /DALTW.styles.css
[3/19/2025 12:44:19 PM] ::1 truy cập /css/site.css
[3/19/2025 12:44:19 PM] ::1 truy cập /lib/jquery/dist/jquery.min.js
[3/19/2025 12:44:19 PM] ::1 truy cập /lib/bootstrap/dist/js/bootstrap.bundle.min.js
[3/19/2025 12:44:19 PM] ::1 truy cập /js/site.js
[3/19/2025 12:44:19 PM] ::1 truy cập /Document/Index
[3/19/2025 12:44:19 PM] ::1 truy cập /DALTW.styles.css
[3/19/2025 12:44:19 PM] ::1 truy cập /css/site.css
[3/19/2025 12:44:19 PM] ::1 truy cập /lib/bootstrap/dist/css/bootstrap.min.css
[3/19/2025 12:44:19 PM] ::1 truy cập /lib/jquery/dist/jquery.min.js
[3/19/2025 12:44:19 PM] ::1 truy cập /lib/bootstrap/dist/js/bootstrap.bundle.min.js
[3/19/2025 12:44:19 PM] ::1 truy cập /js/site.js
[3/19/2025 12:44:21 PM] ::1 truy cập /
[3/19/2025 12:44:21 PM] ::1 truy cập /lib/bootstrap/dist/css/bootstrap.min.css
[3/19/2025 12:44:21 PM] ::1 truy cập /css/site.css
[3/19/2025 12:44:21 PM] ::1 truy cập /lib/jquery/dist/jquery.min.js
[3/19/2025 12:44:21 PM] ::1 truy cập /lib/bootstrap/dist/js/bootstrap.bundle.min.js
[3/19/2025 12:44:21 PM] ::1 truy cập /js/site.js
[3/19/2025 12:44:22 PM] ::1 truy cập /Document/Index
[3/19/2025 12:44:22 PM] ::1 truy cập /lib/bootstrap/dist/css/bootstrap.min.css
[3/19/2025 12:44:22 PM] ::1 truy cập /css/site.css
[3/19/2025 12:44:22 PM] ::1 truy cập /DALTW.styles.css
[3/19/2025 12:44:22 PM] ::1 truy cập /lib/jquery/dist/jquery.min.js
[3/19/2025 12:44:22 PM] ::1 truy cập /lib/bootstrap/dist/js/bootstrap.bundle.min.js
[3/19/2025 12:44:22 PM] ::1 truy cập /js/site.js
